<?xml version="1.0" encoding="UTF-8"?>
<!-- Generated by org.testng.reporters.JUnitReportReporter -->
<testsuite skipped="0" hostname="DESKTOP-8F2C3E7" name="restAssuredTestClasses.FirstClass" tests="1" failures="0" timestamp="21 سبت 2019 23:47:54 GMT" time="9.342" errors="0">
  <testcase name="EditPostsData" time="9.342" classname="restAssuredTestClasses.FirstClass"/>
</testsuite> <!-- restAssuredTestClasses.FirstClass -->
