<?xml version="1.0" encoding="UTF-8"?>
<!-- Generated by org.testng.reporters.JUnitReportReporter -->
<testsuite hostname="DESKTOP-L558MLK" failures="0" tests="2" name="soapServices.TestSoapServicesByRestAssured" time="2.784" errors="0" timestamp="12 Feb 2021 20:12:31 GMT" skipped="0">
  <testcase classname="soapServices.TestSoapServicesByRestAssured" name="PostDataByXMLFile" time="0.472"/>
  <testcase classname="soapServices.TestSoapServicesByRestAssured" name="PostDataByXMLFile" time="2.312"/>
</testsuite> <!-- soapServices.TestSoapServicesByRestAssured -->
