<?xml version="1.0" encoding="UTF-8"?>
<!-- Generated by org.testng.reporters.JUnitReportReporter -->
<testsuite hostname="DESKTOP-L558MLK" failures="0" tests="1" name="soapServices.TestSoapServicesByRestAssuredDDT" time="2.952" errors="0" timestamp="21 Jan 2023 00:13:50 GMT" skipped="0">
  <testcase classname="soapServices.TestSoapServicesByRestAssuredDDT" name="PostDataByXMLBodyFile" time="2.952"/>
</testsuite> <!-- soapServices.TestSoapServicesByRestAssuredDDT -->
