<?xml version="1.0" encoding="UTF-8"?>
<!-- Generated by org.testng.reporters.JUnitReportReporter -->
<testsuite skipped="0" hostname="DESKTOP-8F2C3E7" name="restAssuredTestClasses.HTTPRequestClass" tests="1" failures="0" timestamp="22 سبت 2019 11:59:19 GMT" time="8.675" errors="0">
  <testcase name="PostMethod" time="8.675" classname="restAssuredTestClasses.HTTPRequestClass"/>
</testsuite> <!-- restAssuredTestClasses.HTTPRequestClass -->
